<?xml version="1.0" encoding="UTF-8" ?>
<testsuites>
  <testsuite errors="1" failures="29" hostname="vpn6-57.broadinstitute.org" id="0" name="BatchModuleTest" package="org.genepattern.gpunit.test" skipped="0" tests="32" time="3600.07" timestamp="2015-02-09T19:07:36">
      <properties>
[...]
</properties>

      <testcase classname="org.genepattern.gpunit.test.BatchModuleTest" name="gpunit[input_options_invalid_empty_zip_test]" time="121.755">
          <failure message="job #42, Files differ, &apos;/Volumes/xchip_sqa/Modules/TestSuiteData/AffySTExpressionFileCreator/v1/output/input_options/invalid_empty_zip_test/stdout.txt&apos;, &apos;./test_runs/jobResults/run_20150209_1407/input_options_invalid_empty_zip_test/stdout.txt&apos;" type="junit.framework.AssertionFailedError">junit.framework.AssertionFailedError: job #42, Files differ, &apos;/Volumes/xchip_sqa/Modules/TestSuiteData/AffySTExpressionFileCreator/v1/output/input_options/invalid_empty_zip_test/stdout.txt&apos;, &apos;./test_runs/jobResults/run_20150209_1407/input_options_invalid_empty_zip_test/stdout.txt&apos;
	at org.genepattern.gpunit.test.BatchModuleTest.gpunit(BatchModuleTest.java:173)
</failure>

      </testcase>

      <testcase classname="org.genepattern.gpunit.test.BatchModuleTest" name="gpunit[anno_options_HuEx_1_0_ST_test]" time="128.722">
          <failure message="job #46 has stderr.txt output: &#xa;Error in &quot;BiocInstaller&quot; %in% installed.packages(lib.loc = site.library)[,  : &#xa;  error in evaluating the argument &apos;table&apos; in selecting a method for function &apos;%in%&apos;: Error in readRDS(dest) : error reading from connection&#xa;Calls: installed.packages -&gt; readRDS&#xa;Calls: tryCatch ... dyn.loadBioconductorPackage -&gt; init.bioc.loader -&gt; %in%&#xa;Execution halted" type="junit.framework.AssertionFailedError">junit.framework.AssertionFailedError: job #46 has stderr.txt output: 
Error in &quot;BiocInstaller&quot; %in% installed.packages(lib.loc = site.library)[,  : 
  error in evaluating the argument &apos;table&apos; in selecting a method for function &apos;%in%&apos;: Error in readRDS(dest) : error reading from connection
Calls: installed.packages -&gt; readRDS
Calls: tryCatch ... dyn.loadBioconductorPackage -&gt; init.bioc.loader -&gt; %in%
Execution halted
	at org.genepattern.gpunit.test.BatchModuleTest.gpunit(BatchModuleTest.java:173)
</failure>

      </testcase>

      <testcase classname="org.genepattern.gpunit.test.BatchModuleTest" name="gpunit[clm_options_warn_extra_entries_test]" time="236.017">
          <failure message="job #45 has stderr.txt output: &#xa;Error in file(file, &quot;rt&quot;) : cannot open the connection&#xa;Calls: tryCatch ... tryCatchList -&gt; GP.affyst.efc -&gt; read.clm -&gt; read.table -&gt; file&#xa;Execution halted" type="junit.framework.AssertionFailedError">junit.framework.AssertionFailedError: job #45 has stderr.txt output: 
Error in file(file, &quot;rt&quot;) : cannot open the connection
Calls: tryCatch ... tryCatchList -&gt; GP.affyst.efc -&gt; read.clm -&gt; read.table -&gt; file
Execution halted
	at org.genepattern.gpunit.test.BatchModuleTest.gpunit(BatchModuleTest.java:173)
</failure>

      </testcase>

      <testcase classname="org.genepattern.gpunit.test.BatchModuleTest" name="gpunit[clm_options_exclude_test]" time="241.956">
          <failure message="job #48 has stderr.txt output: &#xa;Error in file(file, &quot;rt&quot;) : cannot open the connection&#xa;Calls: tryCatch ... tryCatchList -&gt; GP.affyst.efc -&gt; read.clm -&gt; read.table -&gt; file&#xa;Execution halted" type="junit.framework.AssertionFailedError">junit.framework.AssertionFailedError: job #48 has stderr.txt output: 
Error in file(file, &quot;rt&quot;) : cannot open the connection
Calls: tryCatch ... tryCatchList -&gt; GP.affyst.efc -&gt; read.clm -&gt; read.table -&gt; file
Execution halted
	at org.genepattern.gpunit.test.BatchModuleTest.gpunit(BatchModuleTest.java:173)
</failure>

      </testcase>

      <testcase classname="org.genepattern.gpunit.test.BatchModuleTest" name="gpunit[anno_options_ZebGene_1_1_ST_test]" time="241.981">
          <failure message="job #43 has stderr.txt output: &#xa;Error in read.celfile.header(x) : &#xa;  End of file reached unexpectedly. Perhaps this file is truncated.&#xa;Calls: tryCatch ... sapply -&gt; lapply -&gt; FUN -&gt; read.celfile.header -&gt; .Call&#xa;Execution halted" type="junit.framework.AssertionFailedError">junit.framework.AssertionFailedError: job #43 has stderr.txt output: 
Error in read.celfile.header(x) : 
  End of file reached unexpectedly. Perhaps this file is truncated.
Calls: tryCatch ... sapply -&gt; lapply -&gt; FUN -&gt; read.celfile.header -&gt; .Call
Execution halted
	at org.genepattern.gpunit.test.BatchModuleTest.gpunit(BatchModuleTest.java:173)
</failure>

      </testcase>

      <testcase classname="org.genepattern.gpunit.test.BatchModuleTest" name="gpunit[clm_options_rename_and_rearrange_test]" time="241.983">
          <failure message="job #44 has stderr.txt output: &#xa;Error in file(file, &quot;rt&quot;) : cannot open the connection&#xa;Calls: tryCatch ... tryCatchList -&gt; GP.affyst.efc -&gt; read.clm -&gt; read.table -&gt; file&#xa;Execution halted" type="junit.framework.AssertionFailedError">junit.framework.AssertionFailedError: job #44 has stderr.txt output: 
Error in file(file, &quot;rt&quot;) : cannot open the connection
Calls: tryCatch ... tryCatchList -&gt; GP.affyst.efc -&gt; read.clm -&gt; read.table -&gt; file
Execution halted
	at org.genepattern.gpunit.test.BatchModuleTest.gpunit(BatchModuleTest.java:173)
</failure>

      </testcase>

      <testcase classname="org.genepattern.gpunit.test.BatchModuleTest" name="gpunit[clm_options_invalid_dup_entires_test]" time="242.468">
          <failure message="job #47, Files differ, &apos;/Volumes/xchip_sqa/Modules/TestSuiteData/AffySTExpressionFileCreator/v1/output/clm_options/invalid_dup_entires_test/stdout.txt&apos;, &apos;./test_runs/jobResults/run_20150209_1407/clm_options_invalid_dup_entires_test/stdout.txt&apos;" type="junit.framework.AssertionFailedError">junit.framework.AssertionFailedError: job #47, Files differ, &apos;/Volumes/xchip_sqa/Modules/TestSuiteData/AffySTExpressionFileCreator/v1/output/clm_options/invalid_dup_entires_test/stdout.txt&apos;, &apos;./test_runs/jobResults/run_20150209_1407/clm_options_invalid_dup_entires_test/stdout.txt&apos;
	at org.genepattern.gpunit.test.BatchModuleTest.gpunit(BatchModuleTest.java:173)
</failure>

      </testcase>

      <testcase classname="org.genepattern.gpunit.test.BatchModuleTest" name="gpunit[input_options_invalid_mixed_ST_array_types_zip_test]" time="1.046">
          <failure message="Error submitting job: POST http://192.168.195.73:8080/gp/rest/v1/jobs failed! 500: Internal Server Error" type="junit.framework.AssertionFailedError">junit.framework.AssertionFailedError: Error submitting job: POST http://192.168.195.73:8080/gp/rest/v1/jobs failed! 500: Internal Server Error
	at org.genepattern.gpunit.test.BatchModuleTest.gpunit(BatchModuleTest.java:173)
</failure>

      </testcase>

      <testcase classname="org.genepattern.gpunit.test.BatchModuleTest" name="gpunit[input_options_invalid_nonST_zip_test]" time="1.072">
          <failure message="Error submitting job: POST http://192.168.195.73:8080/gp/rest/v1/jobs failed! 500: Internal Server Error" type="junit.framework.AssertionFailedError">junit.framework.AssertionFailedError: Error submitting job: POST http://192.168.195.73:8080/gp/rest/v1/jobs failed! 500: Internal Server Error
	at org.genepattern.gpunit.test.BatchModuleTest.gpunit(BatchModuleTest.java:173)
</failure>

      </testcase>

      <testcase classname="org.genepattern.gpunit.test.BatchModuleTest" name="gpunit[input_options_invalid_ST_with_nonST_zip_test]" time="0.532">
          <failure message="Error submitting job: POST http://192.168.195.73:8080/gp/rest/v1/jobs failed! 500: Internal Server Error" type="junit.framework.AssertionFailedError">junit.framework.AssertionFailedError: Error submitting job: POST http://192.168.195.73:8080/gp/rest/v1/jobs failed! 500: Internal Server Error
	at org.genepattern.gpunit.test.BatchModuleTest.gpunit(BatchModuleTest.java:173)
</failure>

      </testcase>

      <testcase classname="org.genepattern.gpunit.test.BatchModuleTest" name="gpunit[input_options_load_deep_nested_tar_bz2_test]" time="5.469">
          <failure message="Error submitting job: POST http://192.168.195.73:8080/gp/rest/v1/jobs failed! 500: Internal Server Error" type="junit.framework.AssertionFailedError">junit.framework.AssertionFailedError: Error submitting job: POST http://192.168.195.73:8080/gp/rest/v1/jobs failed! 500: Internal Server Error
	at org.genepattern.gpunit.test.BatchModuleTest.gpunit(BatchModuleTest.java:173)
</failure>

      </testcase>

      <testcase classname="org.genepattern.gpunit.test.BatchModuleTest" name="gpunit[input_options_load_deep_nested_zip_test]" time="3.413">
          <failure message="Error submitting job: POST http://192.168.195.73:8080/gp/rest/v1/jobs failed! 500: Internal Server Error" type="junit.framework.AssertionFailedError">junit.framework.AssertionFailedError: Error submitting job: POST http://192.168.195.73:8080/gp/rest/v1/jobs failed! 500: Internal Server Error
	at org.genepattern.gpunit.test.BatchModuleTest.gpunit(BatchModuleTest.java:173)
</failure>

      </testcase>

      <testcase classname="org.genepattern.gpunit.test.BatchModuleTest" name="gpunit[input_options_load_flat_gz_test]" time="0.651">
          <failure message="Error submitting job: POST http://192.168.195.73:8080/gp/rest/v1/jobs failed! 500: Internal Server Error" type="junit.framework.AssertionFailedError">junit.framework.AssertionFailedError: Error submitting job: POST http://192.168.195.73:8080/gp/rest/v1/jobs failed! 500: Internal Server Error
	at org.genepattern.gpunit.test.BatchModuleTest.gpunit(BatchModuleTest.java:173)
</failure>

      </testcase>

      <testcase classname="org.genepattern.gpunit.test.BatchModuleTest" name="gpunit[input_options_load_flat_raw_test]" time="0.572">
          <failure message="Error submitting job: POST http://192.168.195.73:8080/gp/rest/v1/jobs failed! 500: Internal Server Error" type="junit.framework.AssertionFailedError">junit.framework.AssertionFailedError: Error submitting job: POST http://192.168.195.73:8080/gp/rest/v1/jobs failed! 500: Internal Server Error
	at org.genepattern.gpunit.test.BatchModuleTest.gpunit(BatchModuleTest.java:173)
</failure>

      </testcase>

      <testcase classname="org.genepattern.gpunit.test.BatchModuleTest" name="gpunit[input_options_load_flat_tar_gz_test]" time="0.675">
          <failure message="Error submitting job: POST http://192.168.195.73:8080/gp/rest/v1/jobs failed! 500: Internal Server Error" type="junit.framework.AssertionFailedError">junit.framework.AssertionFailedError: Error submitting job: POST http://192.168.195.73:8080/gp/rest/v1/jobs failed! 500: Internal Server Error
	at org.genepattern.gpunit.test.BatchModuleTest.gpunit(BatchModuleTest.java:173)
</failure>

      </testcase>

      <testcase classname="org.genepattern.gpunit.test.BatchModuleTest" name="gpunit[input_options_load_flat_tar_test]" time="1.097">
          <failure message="Error submitting job: POST http://192.168.195.73:8080/gp/rest/v1/jobs failed! 500: Internal Server Error" type="junit.framework.AssertionFailedError">junit.framework.AssertionFailedError: Error submitting job: POST http://192.168.195.73:8080/gp/rest/v1/jobs failed! 500: Internal Server Error
	at org.genepattern.gpunit.test.BatchModuleTest.gpunit(BatchModuleTest.java:173)
</failure>

      </testcase>

      <testcase classname="org.genepattern.gpunit.test.BatchModuleTest" name="gpunit[input_options_load_flat_tar_xz_test]" time="0.804">
          <failure message="Error submitting job: POST http://192.168.195.73:8080/gp/rest/v1/jobs failed! 500: Internal Server Error" type="junit.framework.AssertionFailedError">junit.framework.AssertionFailedError: Error submitting job: POST http://192.168.195.73:8080/gp/rest/v1/jobs failed! 500: Internal Server Error
	at org.genepattern.gpunit.test.BatchModuleTest.gpunit(BatchModuleTest.java:173)
</failure>

      </testcase>

      <testcase classname="org.genepattern.gpunit.test.BatchModuleTest" name="gpunit[input_options_load_flat_zip_test]" time="0.948">
          <failure message="Error submitting job: POST http://192.168.195.73:8080/gp/rest/v1/jobs failed! 500: Internal Server Error" type="junit.framework.AssertionFailedError">junit.framework.AssertionFailedError: Error submitting job: POST http://192.168.195.73:8080/gp/rest/v1/jobs failed! 500: Internal Server Error
	at org.genepattern.gpunit.test.BatchModuleTest.gpunit(BatchModuleTest.java:173)
</failure>

      </testcase>

      <testcase classname="org.genepattern.gpunit.test.BatchModuleTest" name="gpunit[input_options_load_mixed_inputs_test]" time="1.675">
          <failure message="Error submitting job: POST http://192.168.195.73:8080/gp/rest/v1/jobs failed! 500: Internal Server Error" type="junit.framework.AssertionFailedError">junit.framework.AssertionFailedError: Error submitting job: POST http://192.168.195.73:8080/gp/rest/v1/jobs failed! 500: Internal Server Error
	at org.genepattern.gpunit.test.BatchModuleTest.gpunit(BatchModuleTest.java:173)
</failure>

      </testcase>

      <testcase classname="org.genepattern.gpunit.test.BatchModuleTest" name="gpunit[misc_params_bg_correct_off_test]" time="0.371">
          <failure message="Error submitting job: POST http://192.168.195.73:8080/gp/rest/v1/jobs failed! 500: Internal Server Error" type="junit.framework.AssertionFailedError">junit.framework.AssertionFailedError: Error submitting job: POST http://192.168.195.73:8080/gp/rest/v1/jobs failed! 500: Internal Server Error
	at org.genepattern.gpunit.test.BatchModuleTest.gpunit(BatchModuleTest.java:173)
</failure>

      </testcase>

      <testcase classname="org.genepattern.gpunit.test.BatchModuleTest" name="gpunit[anno_options_MoGene_2_0_ST_test]" time="266.365">
          <failure message="job #41 has stderr.txt output: &#xa;Error in sqliteSendQuery(con, statement, bind.data) : &#xa;  error in statement: database disk image is malformed&#xa;Error in sqliteSendQuery(con, statement, bind.data) : &#xa;  error in statement: database disk image is malformed&#xa;Calls: tryCatch ... .local -&gt; sqliteGetQuery -&gt; sqliteSendQuery -&gt; .Call&#xa;Execution halted" type="junit.framework.AssertionFailedError">junit.framework.AssertionFailedError: job #41 has stderr.txt output: 
Error in sqliteSendQuery(con, statement, bind.data) : 
  error in statement: database disk image is malformed
Error in sqliteSendQuery(con, statement, bind.data) : 
  error in statement: database disk image is malformed
Calls: tryCatch ... .local -&gt; sqliteGetQuery -&gt; sqliteSendQuery -&gt; .Call
Execution halted
	at org.genepattern.gpunit.test.BatchModuleTest.gpunit(BatchModuleTest.java:173)
</failure>

      </testcase>

      <testcase classname="org.genepattern.gpunit.test.BatchModuleTest" name="gpunit[input_options_invalid_mixed_inputs_overlap1_test]" time="165.355">
          <failure message="job #49, Files differ, &apos;/Volumes/xchip_sqa/Modules/TestSuiteData/AffySTExpressionFileCreator/v1/output/input_options/invalid_mixed_inputs_overlap1_test/stdout.txt&apos;, &apos;./test_runs/jobResults/run_20150209_1407/input_options_invalid_mixed_inputs_overlap1_test/stdout.txt&apos;" type="junit.framework.AssertionFailedError">junit.framework.AssertionFailedError: job #49, Files differ, &apos;/Volumes/xchip_sqa/Modules/TestSuiteData/AffySTExpressionFileCreator/v1/output/input_options/invalid_mixed_inputs_overlap1_test/stdout.txt&apos;, &apos;./test_runs/jobResults/run_20150209_1407/input_options_invalid_mixed_inputs_overlap1_test/stdout.txt&apos;
	at org.genepattern.gpunit.test.BatchModuleTest.gpunit(BatchModuleTest.java:173)
</failure>

      </testcase>

      <testcase classname="org.genepattern.gpunit.test.BatchModuleTest" name="gpunit[input_options_invalid_mixed_inputs_overlap2_test]" time="253.603">
          <failure message="job #50, Files differ, &apos;/Volumes/xchip_sqa/Modules/TestSuiteData/AffySTExpressionFileCreator/v1/output/input_options/invalid_mixed_inputs_overlap2_test/stdout.txt&apos;, &apos;./test_runs/jobResults/run_20150209_1407/input_options_invalid_mixed_inputs_overlap2_test/stdout.txt&apos;" type="junit.framework.AssertionFailedError">junit.framework.AssertionFailedError: job #50, Files differ, &apos;/Volumes/xchip_sqa/Modules/TestSuiteData/AffySTExpressionFileCreator/v1/output/input_options/invalid_mixed_inputs_overlap2_test/stdout.txt&apos;, &apos;./test_runs/jobResults/run_20150209_1407/input_options_invalid_mixed_inputs_overlap2_test/stdout.txt&apos;
	at org.genepattern.gpunit.test.BatchModuleTest.gpunit(BatchModuleTest.java:173)
</failure>

      </testcase>

      <testcase classname="org.genepattern.gpunit.test.BatchModuleTest" name="gpunit[input_options_invalid_mixed_inputs_overlap3_test]" time="149.127">
          <failure message="job #51, Files differ, &apos;/Volumes/xchip_sqa/Modules/TestSuiteData/AffySTExpressionFileCreator/v1/output/input_options/invalid_mixed_inputs_overlap3_test/stdout.txt&apos;, &apos;./test_runs/jobResults/run_20150209_1407/input_options_invalid_mixed_inputs_overlap3_test/stdout.txt&apos;" type="junit.framework.AssertionFailedError">junit.framework.AssertionFailedError: job #51, Files differ, &apos;/Volumes/xchip_sqa/Modules/TestSuiteData/AffySTExpressionFileCreator/v1/output/input_options/invalid_mixed_inputs_overlap3_test/stdout.txt&apos;, &apos;./test_runs/jobResults/run_20150209_1407/input_options_invalid_mixed_inputs_overlap3_test/stdout.txt&apos;
	at org.genepattern.gpunit.test.BatchModuleTest.gpunit(BatchModuleTest.java:173)
</failure>

      </testcase>

      <testcase classname="org.genepattern.gpunit.test.BatchModuleTest" name="gpunit[qc_plot_options_generate_svg_test]" time="0.453">
          <failure message="Error submitting job: POST http://192.168.195.73:8080/gp/rest/v1/jobs failed! 500: Internal Server Error" type="junit.framework.AssertionFailedError">junit.framework.AssertionFailedError: Error submitting job: POST http://192.168.195.73:8080/gp/rest/v1/jobs failed! 500: Internal Server Error
	at org.genepattern.gpunit.test.BatchModuleTest.gpunit(BatchModuleTest.java:173)
</failure>

      </testcase>

      <testcase classname="org.genepattern.gpunit.test.BatchModuleTest" name="gpunit[misc_params_norm_off_test]" time="159.38">
          <failure message="job #56 has stderr.txt output: &#xa;Error in read.celfile.header(x) : &#xa;  End of file reached unexpectedly. Perhaps this file is truncated.&#xa;Calls: tryCatch ... sapply -&gt; lapply -&gt; FUN -&gt; read.celfile.header -&gt; .Call&#xa;Execution halted" type="junit.framework.AssertionFailedError">junit.framework.AssertionFailedError: job #56 has stderr.txt output: 
Error in read.celfile.header(x) : 
  End of file reached unexpectedly. Perhaps this file is truncated.
Calls: tryCatch ... sapply -&gt; lapply -&gt; FUN -&gt; read.celfile.header -&gt; .Call
Execution halted
	at org.genepattern.gpunit.test.BatchModuleTest.gpunit(BatchModuleTest.java:173)
</failure>

      </testcase>

      <testcase classname="org.genepattern.gpunit.test.BatchModuleTest" name="gpunit[misc_params_compute_PA_test]" time="165.022">
          <failure message="job #55 has stderr.txt output: &#xa;Error in read.celfile.header(x) : &#xa;  End of file reached unexpectedly. Perhaps this file is truncated.&#xa;Calls: tryCatch ... sapply -&gt; lapply -&gt; FUN -&gt; read.celfile.header -&gt; .Call&#xa;Execution halted" type="junit.framework.AssertionFailedError">junit.framework.AssertionFailedError: job #55 has stderr.txt output: 
Error in read.celfile.header(x) : 
  End of file reached unexpectedly. Perhaps this file is truncated.
Calls: tryCatch ... sapply -&gt; lapply -&gt; FUN -&gt; read.celfile.header -&gt; .Call
Execution halted
	at org.genepattern.gpunit.test.BatchModuleTest.gpunit(BatchModuleTest.java:173)
</failure>

      </testcase>

      <testcase classname="org.genepattern.gpunit.test.BatchModuleTest" name="gpunit[qc_plot_options_generate_pdf_test]" time="142.529">
          <failure message="job #57 has stderr.txt output: &#xa;Error in read.celfile.header(x) : &#xa;  End of file reached unexpectedly. Perhaps this file is truncated.&#xa;Calls: tryCatch ... sapply -&gt; lapply -&gt; FUN -&gt; read.celfile.header -&gt; .Call&#xa;Execution halted" type="junit.framework.AssertionFailedError">junit.framework.AssertionFailedError: job #57 has stderr.txt output: 
Error in read.celfile.header(x) : 
  End of file reached unexpectedly. Perhaps this file is truncated.
Calls: tryCatch ... sapply -&gt; lapply -&gt; FUN -&gt; read.celfile.header -&gt; .Call
Execution halted
	at org.genepattern.gpunit.test.BatchModuleTest.gpunit(BatchModuleTest.java:173)
</failure>

      </testcase>

      <testcase classname="org.genepattern.gpunit.test.BatchModuleTest" name="gpunit[qc_plot_options_generate_png_test]" time="54.027">
          <failure message="job #58 has stderr.txt output: &#xa;Error in read.celfile.header(x) : &#xa;  End of file reached unexpectedly. Perhaps this file is truncated.&#xa;Calls: tryCatch ... sapply -&gt; lapply -&gt; FUN -&gt; read.celfile.header -&gt; .Call&#xa;Execution halted" type="junit.framework.AssertionFailedError">junit.framework.AssertionFailedError: job #58 has stderr.txt output: 
Error in read.celfile.header(x) : 
  End of file reached unexpectedly. Perhaps this file is truncated.
Calls: tryCatch ... sapply -&gt; lapply -&gt; FUN -&gt; read.celfile.header -&gt; .Call
Execution halted
	at org.genepattern.gpunit.test.BatchModuleTest.gpunit(BatchModuleTest.java:173)
</failure>

      </testcase>

      <testcase classname="org.genepattern.gpunit.test.BatchModuleTest" name="gpunit[input_options_invalid_mixed_inputs_overlap6_test]" time="3358.011">
          <error type="java.lang.InterruptedException">java.lang.InterruptedException
	at java.lang.Object.wait(Native Method)
	at java.lang.Thread.join(Thread.java:1289)
	at java.util.concurrent.Executors$RunnableAdapter.call(Executors.java:471)
	at java.util.concurrent.FutureTask.run(FutureTask.java:262)
	at java.util.concurrent.ThreadPoolExecutor.runWorker(ThreadPoolExecutor.java:1145)
	at java.util.concurrent.ThreadPoolExecutor$Worker.run(ThreadPoolExecutor.java:615)
	at java.lang.Thread.run(Thread.java:745)
</error>

      </testcase>

      <system-out><![CDATA[]]></system-out>

      <testcase classname="org.genepattern.gpunit.test.BatchModuleTest" name="gpunit[input_options_invalid_mixed_inputs_overlap4_test]" time="3358.047">
          <error type="java.lang.InterruptedException">java.lang.InterruptedException
	at java.lang.Object.wait(Native Method)
	at java.lang.Thread.join(Thread.java:1289)
	at java.util.concurrent.Executors$RunnableAdapter.call(Executors.java:471)
	at java.util.concurrent.FutureTask.run(FutureTask.java:262)
	at java.util.concurrent.ThreadPoolExecutor.runWorker(ThreadPoolExecutor.java:1145)
	at java.util.concurrent.ThreadPoolExecutor$Worker.run(ThreadPoolExecutor.java:615)
	at java.lang.Thread.run(Thread.java:745)
</error>

      </testcase>

      <system-err><![CDATA[]]></system-err>

      <testcase classname="org.genepattern.gpunit.test.BatchModuleTest" name="gpunit[input_options_invalid_mixed_inputs_overlap5_test]" time="3358.026">
          <error type="java.lang.InterruptedException">java.lang.InterruptedException
	at java.lang.Object.wait(Native Method)
	at java.lang.Thread.join(Thread.java:1289)
	at java.util.concurrent.Executors$RunnableAdapter.call(Executors.java:471)
	at java.util.concurrent.FutureTask.run(FutureTask.java:262)
	at java.util.concurrent.ThreadPoolExecutor.runWorker(ThreadPoolExecutor.java:1145)
	at java.util.concurrent.ThreadPoolExecutor$Worker.run(ThreadPoolExecutor.java:615)
	at java.lang.Thread.run(Thread.java:745)
</error>

      </testcase>

  </testsuite>
</testsuites>
